Combination: ['stance']
Using Embeddings: False
With EarlyStopping: False
Resulted in: 
Precision: 0.15217391304347824
Recall: 0.3333333333333333
F1: 0.20895522388059698
Accuracy: 0.45652173913043476

Combination: ['social_interest', 'user_information']
Using Embeddings: False
With EarlyStopping: False
Resulted in: 
Precision: 0.21125541125541125
Recall: 0.4420289855072464
F1: 0.2696728558797524
Accuracy: 0.43478260869565216

Combination: ['cosine_similarity']
Using Embeddings: True
With EarlyStopping: False
Resulted in: 
Precision: 0.49242424242424243
Recall: 0.36231884057971014
F1: 0.26871794871794874
Accuracy: 0.5

Combination: ['stance', 'social_interest', 'user_information']
Using Embeddings: False
With EarlyStopping: False
Resulted in: 
Precision: 0.2388888888888889
Recall: 0.4855072463768116
F1: 0.31613756613756616
Accuracy: 0.5

Combination: ['cosine_similarity', 'social_interest', 'user_information']
Using Embeddings: True
With EarlyStopping: False
Resulted in: 
Precision: 0.380718954248366
Recall: 0.3864734299516908
F1: 0.3636363636363636
Accuracy: 0.5652173913043478

Combination: ['cosine_similarity', 'stance']
Using Embeddings: True
With EarlyStopping: False
Resulted in: 
Precision: 0.15217391304347824
Recall: 0.3333333333333333
F1: 0.20895522388059698
Accuracy: 0.45652173913043476

Combination: ['cosine_similarity', 'social_interest', 'user_information', 'stance']
Using Embeddings: True
With EarlyStopping: False
Resulted in: 
Precision: 0.3421052631578947
Recall: 0.3533471359558316
F1: 0.3105332579611833
Accuracy: 0.5217391304347826

Combination: ['stance']
Using Embeddings: False
With EarlyStopping: True
Resulted in: 
Precision: 0.15217391304347824
Recall: 0.3333333333333333
F1: 0.20895522388059698
Accuracy: 0.45652173913043476

Combination: ['social_interest', 'user_information']
Using Embeddings: False
With EarlyStopping: True
Resulted in: 
Precision: 0.014492753623188406
Recall: 0.3333333333333333
F1: 0.027777777777777776
Accuracy: 0.043478260869565216

Combination: ['cosine_similarity']
Using Embeddings: True
With EarlyStopping: True
Resulted in: 
Precision: 0.15217391304347824
Recall: 0.3333333333333333
F1: 0.20895522388059698
Accuracy: 0.45652173913043476

Combination: ['stance', 'social_interest', 'user_information']
Using Embeddings: False
With EarlyStopping: True
Resulted in: 
Precision: 0.2113095238095238
Recall: 0.4275362318840579
F1: 0.2598484848484849
Accuracy: 0.41304347826086957

Combination: ['cosine_similarity', 'social_interest', 'user_information']
Using Embeddings: True
With EarlyStopping: True
Resulted in: 
Precision: 0.36996336996337
Recall: 0.36783988957902
F1: 0.3210445468509984
Accuracy: 0.5434782608695652

Combination: ['cosine_similarity', 'stance']
Using Embeddings: True
With EarlyStopping: True
Resulted in: 
Precision: 0.15217391304347824
Recall: 0.3333333333333333
F1: 0.20895522388059698
Accuracy: 0.45652173913043476

Combination: ['cosine_similarity', 'social_interest', 'user_information', 'stance']
Using Embeddings: True
With EarlyStopping: True
Resulted in: 
Precision: 0.39704739704739705
Recall: 0.40234644582470674
F1: 0.3830532212885154
Accuracy: 0.5869565217391305

